2018-10-07 00:46:58 [Logs!] error: ##########################################################
2018-10-07 00:46:58 [Logs!] info: #####               STARTING SERVER                  #####
2018-10-07 00:46:58 [Logs!] info: ##########################################################

2018-10-07 00:46:58 [Logs!] info: App running on DEVELOPMENT mode and listening on port 4000 ...
2018-10-07 00:47:04 [Logs!] error: ##########################################################
2018-10-07 00:47:04 [Logs!] info: #####               STARTING SERVER                  #####
2018-10-07 00:47:04 [Logs!] info: ##########################################################

2018-10-07 00:47:04 [Logs!] info: App running on DEVELOPMENT mode and listening on port 4000 ...
2018-10-07 00:47:59 [Logs!] error: Error: {"password":"Password must include lowercase, uppercase, and special characters"}
    at Function._callee2$ (/Users/albertsam/Downloads/the-knowledge-store-server/controller/UserController.js:41:25)
    at tryCatch (/Users/albertsam/Downloads/the-knowledge-store-server/node_modules/regenerator-runtime/runtime.js:65:40)
    at Generator.invoke [as _invoke] (/Users/albertsam/Downloads/the-knowledge-store-server/node_modules/regenerator-runtime/runtime.js:303:22)
    at Generator.prototype.(anonymous function) [as next] (/Users/albertsam/Downloads/the-knowledge-store-server/node_modules/regenerator-runtime/runtime.js:117:21)
    at step (/Users/albertsam/Downloads/the-knowledge-store-server/controller/UserController.js:31:191)
    at /Users/albertsam/Downloads/the-knowledge-store-server/controller/UserController.js:31:437
    at new Promise (<anonymous>)
    at Function.<anonymous> (/Users/albertsam/Downloads/the-knowledge-store-server/controller/UserController.js:31:99)
    at Function.authenticateUser (/Users/albertsam/Downloads/the-knowledge-store-server/controller/UserController.js:174:22)
    at resolve (/Users/albertsam/Downloads/the-knowledge-store-server/schema/schema.js:61:31)
    at resolveFieldValueOrError (/Users/albertsam/Downloads/the-knowledge-store-server/node_modules/graphql/execution/execute.js:479:18)
    at resolveField (/Users/albertsam/Downloads/the-knowledge-store-server/node_modules/graphql/execution/execute.js:446:16)
    at executeFields (/Users/albertsam/Downloads/the-knowledge-store-server/node_modules/graphql/execution/execute.js:293:18)
    at executeOperation (/Users/albertsam/Downloads/the-knowledge-store-server/node_modules/graphql/execution/execute.js:237:122)
    at executeImpl (/Users/albertsam/Downloads/the-knowledge-store-server/node_modules/graphql/execution/execute.js:85:14)
    at execute (/Users/albertsam/Downloads/the-knowledge-store-server/node_modules/graphql/execution/execute.js:62:229)
    at /Users/albertsam/Downloads/the-knowledge-store-server/node_modules/express-graphql/dist/index.js:165:37
    at <anonymous>
    at process._tickDomainCallback (internal/process/next_tick.js:228:7)
2018-10-07 00:50:02 [Logs!] error: ##########################################################
2018-10-07 00:50:02 [Logs!] info: #####               STARTING SERVER                  #####
2018-10-07 00:50:02 [Logs!] info: ##########################################################

2018-10-07 00:50:02 [Logs!] info: App running on DEVELOPMENT mode and listening on port 4000 ...
2018-10-07 00:50:46 [Logs!] error: ##########################################################
2018-10-07 00:50:46 [Logs!] info: #####               STARTING SERVER                  #####
2018-10-07 00:50:46 [Logs!] info: ##########################################################

2018-10-07 00:50:46 [Logs!] info: App running on DEVELOPMENT mode and listening on port 4000 ...
2018-10-07 00:50:57 [Logs!] error: ##########################################################
2018-10-07 00:50:57 [Logs!] info: #####               STARTING SERVER                  #####
2018-10-07 00:50:57 [Logs!] info: ##########################################################

2018-10-07 00:50:57 [Logs!] info: App running on DEVELOPMENT mode and listening on port 4000 ...
2018-10-07 00:51:08 [Logs!] error: Error: {"password":"Password must include lowercase, uppercase, and special characters"}
    at Function._callee2$ (/Users/albertsam/Downloads/the-knowledge-store-server/controller/UserController.js:41:25)
    at tryCatch (/Users/albertsam/Downloads/the-knowledge-store-server/node_modules/regenerator-runtime/runtime.js:65:40)
    at Generator.invoke [as _invoke] (/Users/albertsam/Downloads/the-knowledge-store-server/node_modules/regenerator-runtime/runtime.js:303:22)
    at Generator.prototype.(anonymous function) [as next] (/Users/albertsam/Downloads/the-knowledge-store-server/node_modules/regenerator-runtime/runtime.js:117:21)
    at step (/Users/albertsam/Downloads/the-knowledge-store-server/controller/UserController.js:31:191)
    at /Users/albertsam/Downloads/the-knowledge-store-server/controller/UserController.js:31:437
    at new Promise (<anonymous>)
    at Function.<anonymous> (/Users/albertsam/Downloads/the-knowledge-store-server/controller/UserController.js:31:99)
    at Function.authenticateUser (/Users/albertsam/Downloads/the-knowledge-store-server/controller/UserController.js:174:22)
    at resolve (/Users/albertsam/Downloads/the-knowledge-store-server/schema/schema.js:61:31)
    at resolveFieldValueOrError (/Users/albertsam/Downloads/the-knowledge-store-server/node_modules/graphql/execution/execute.js:479:18)
    at resolveField (/Users/albertsam/Downloads/the-knowledge-store-server/node_modules/graphql/execution/execute.js:446:16)
    at executeFields (/Users/albertsam/Downloads/the-knowledge-store-server/node_modules/graphql/execution/execute.js:293:18)
    at executeOperation (/Users/albertsam/Downloads/the-knowledge-store-server/node_modules/graphql/execution/execute.js:237:122)
    at executeImpl (/Users/albertsam/Downloads/the-knowledge-store-server/node_modules/graphql/execution/execute.js:85:14)
    at execute (/Users/albertsam/Downloads/the-knowledge-store-server/node_modules/graphql/execution/execute.js:62:229)
    at /Users/albertsam/Downloads/the-knowledge-store-server/node_modules/express-graphql/dist/index.js:165:37
    at <anonymous>
    at process._tickDomainCallback (internal/process/next_tick.js:228:7)
2018-10-07 00:51:39 [Logs!] error: ##########################################################
2018-10-07 00:51:39 [Logs!] info: #####               STARTING SERVER                  #####
2018-10-07 00:51:39 [Logs!] info: ##########################################################

2018-10-07 00:51:39 [Logs!] info: App running on DEVELOPMENT mode and listening on port 4000 ...

2018-10-07 00:51:48 [Logs!] error: ##########################################################
2018-10-07 00:51:48 [Logs!] info: #####               STARTING SERVER                  #####
2018-10-07 00:51:48 [Logs!] info: ##########################################################

2018-10-07 00:51:48 [Logs!] info: App running on DEVELOPMENT mode and listening on port 4000 ...

2018-10-07 00:51:53 [Logs!] error: Error: {"password":"Password must include lowercase, uppercase, and special characters"}
    at Function._callee2$ (/Users/albertsam/Downloads/the-knowledge-store-server/controller/UserController.js:41:25)
    at tryCatch (/Users/albertsam/Downloads/the-knowledge-store-server/node_modules/regenerator-runtime/runtime.js:65:40)
    at Generator.invoke [as _invoke] (/Users/albertsam/Downloads/the-knowledge-store-server/node_modules/regenerator-runtime/runtime.js:303:22)
    at Generator.prototype.(anonymous function) [as next] (/Users/albertsam/Downloads/the-knowledge-store-server/node_modules/regenerator-runtime/runtime.js:117:21)
    at step (/Users/albertsam/Downloads/the-knowledge-store-server/controller/UserController.js:31:191)
    at /Users/albertsam/Downloads/the-knowledge-store-server/controller/UserController.js:31:437
    at new Promise (<anonymous>)
    at Function.<anonymous> (/Users/albertsam/Downloads/the-knowledge-store-server/controller/UserController.js:31:99)
    at Function.authenticateUser (/Users/albertsam/Downloads/the-knowledge-store-server/controller/UserController.js:174:22)
    at resolve (/Users/albertsam/Downloads/the-knowledge-store-server/schema/schema.js:61:31)
    at resolveFieldValueOrError (/Users/albertsam/Downloads/the-knowledge-store-server/node_modules/graphql/execution/execute.js:479:18)
    at resolveField (/Users/albertsam/Downloads/the-knowledge-store-server/node_modules/graphql/execution/execute.js:446:16)
    at executeFields (/Users/albertsam/Downloads/the-knowledge-store-server/node_modules/graphql/execution/execute.js:293:18)
    at executeOperation (/Users/albertsam/Downloads/the-knowledge-store-server/node_modules/graphql/execution/execute.js:237:122)
    at executeImpl (/Users/albertsam/Downloads/the-knowledge-store-server/node_modules/graphql/execution/execute.js:85:14)
    at execute (/Users/albertsam/Downloads/the-knowledge-store-server/node_modules/graphql/execution/execute.js:62:229)
    at /Users/albertsam/Downloads/the-knowledge-store-server/node_modules/express-graphql/dist/index.js:165:37
    at <anonymous>
    at process._tickDomainCallback (internal/process/next_tick.js:228:7)

2018-10-07 00:52:01 [Logs!] error: Error: {"password":"Password must include lowercase, uppercase, and special characters"}
    at Function._callee2$ (/Users/albertsam/Downloads/the-knowledge-store-server/controller/UserController.js:41:25)
    at tryCatch (/Users/albertsam/Downloads/the-knowledge-store-server/node_modules/regenerator-runtime/runtime.js:65:40)
    at Generator.invoke [as _invoke] (/Users/albertsam/Downloads/the-knowledge-store-server/node_modules/regenerator-runtime/runtime.js:303:22)
    at Generator.prototype.(anonymous function) [as next] (/Users/albertsam/Downloads/the-knowledge-store-server/node_modules/regenerator-runtime/runtime.js:117:21)
    at step (/Users/albertsam/Downloads/the-knowledge-store-server/controller/UserController.js:31:191)
    at /Users/albertsam/Downloads/the-knowledge-store-server/controller/UserController.js:31:437
    at new Promise (<anonymous>)
    at Function.<anonymous> (/Users/albertsam/Downloads/the-knowledge-store-server/controller/UserController.js:31:99)
    at Function.authenticateUser (/Users/albertsam/Downloads/the-knowledge-store-server/controller/UserController.js:174:22)
    at resolve (/Users/albertsam/Downloads/the-knowledge-store-server/schema/schema.js:61:31)
    at resolveFieldValueOrError (/Users/albertsam/Downloads/the-knowledge-store-server/node_modules/graphql/execution/execute.js:479:18)
    at resolveField (/Users/albertsam/Downloads/the-knowledge-store-server/node_modules/graphql/execution/execute.js:446:16)
    at executeFields (/Users/albertsam/Downloads/the-knowledge-store-server/node_modules/graphql/execution/execute.js:293:18)
    at executeOperation (/Users/albertsam/Downloads/the-knowledge-store-server/node_modules/graphql/execution/execute.js:237:122)
    at executeImpl (/Users/albertsam/Downloads/the-knowledge-store-server/node_modules/graphql/execution/execute.js:85:14)
    at execute (/Users/albertsam/Downloads/the-knowledge-store-server/node_modules/graphql/execution/execute.js:62:229)
    at /Users/albertsam/Downloads/the-knowledge-store-server/node_modules/express-graphql/dist/index.js:165:37
    at <anonymous>
    at process._tickDomainCallback (internal/process/next_tick.js:228:7)

2018-10-07 00:52:24 [Logs!] error: ##########################################################
2018-10-07 00:52:24 [Logs!] info: #####               STARTING SERVER                  #####
2018-10-07 00:52:24 [Logs!] info: ##########################################################

2018-10-07 00:52:24 [Logs!] info: App running on DEVELOPMENT mode and listening on port 4000 ...

2018-10-07 00:52:30 [Logs!] error: Error: {"password":"Password must include lowercase, uppercase, and special characters"}
    at Function._callee2$ (/Users/albertsam/Downloads/the-knowledge-store-server/controller/UserController.js:41:25)
    at tryCatch (/Users/albertsam/Downloads/the-knowledge-store-server/node_modules/regenerator-runtime/runtime.js:65:40)
    at Generator.invoke [as _invoke] (/Users/albertsam/Downloads/the-knowledge-store-server/node_modules/regenerator-runtime/runtime.js:303:22)
    at Generator.prototype.(anonymous function) [as next] (/Users/albertsam/Downloads/the-knowledge-store-server/node_modules/regenerator-runtime/runtime.js:117:21)
    at step (/Users/albertsam/Downloads/the-knowledge-store-server/controller/UserController.js:31:191)
    at /Users/albertsam/Downloads/the-knowledge-store-server/controller/UserController.js:31:437
    at new Promise (<anonymous>)
    at Function.<anonymous> (/Users/albertsam/Downloads/the-knowledge-store-server/controller/UserController.js:31:99)
    at Function.authenticateUser (/Users/albertsam/Downloads/the-knowledge-store-server/controller/UserController.js:174:22)
    at resolve (/Users/albertsam/Downloads/the-knowledge-store-server/schema/schema.js:61:31)
    at resolveFieldValueOrError (/Users/albertsam/Downloads/the-knowledge-store-server/node_modules/graphql/execution/execute.js:479:18)
    at resolveField (/Users/albertsam/Downloads/the-knowledge-store-server/node_modules/graphql/execution/execute.js:446:16)
    at executeFields (/Users/albertsam/Downloads/the-knowledge-store-server/node_modules/graphql/execution/execute.js:293:18)
    at executeOperation (/Users/albertsam/Downloads/the-knowledge-store-server/node_modules/graphql/execution/execute.js:237:122)
    at executeImpl (/Users/albertsam/Downloads/the-knowledge-store-server/node_modules/graphql/execution/execute.js:85:14)
    at execute (/Users/albertsam/Downloads/the-knowledge-store-server/node_modules/graphql/execution/execute.js:62:229)
    at /Users/albertsam/Downloads/the-knowledge-store-server/node_modules/express-graphql/dist/index.js:165:37
    at <anonymous>
    at process._tickDomainCallback (internal/process/next_tick.js:228:7)
2018-10-07 00:52:39 [Logs!] error: Error: {"password":"Password must include lowercase, uppercase, and special characters"}
    at Function._callee2$ (/Users/albertsam/Downloads/the-knowledge-store-server/controller/UserController.js:41:25)
    at tryCatch (/Users/albertsam/Downloads/the-knowledge-store-server/node_modules/regenerator-runtime/runtime.js:65:40)
    at Generator.invoke [as _invoke] (/Users/albertsam/Downloads/the-knowledge-store-server/node_modules/regenerator-runtime/runtime.js:303:22)
    at Generator.prototype.(anonymous function) [as next] (/Users/albertsam/Downloads/the-knowledge-store-server/node_modules/regenerator-runtime/runtime.js:117:21)
    at step (/Users/albertsam/Downloads/the-knowledge-store-server/controller/UserController.js:31:191)
    at /Users/albertsam/Downloads/the-knowledge-store-server/controller/UserController.js:31:437
    at new Promise (<anonymous>)
    at Function.<anonymous> (/Users/albertsam/Downloads/the-knowledge-store-server/controller/UserController.js:31:99)
    at Function.authenticateUser (/Users/albertsam/Downloads/the-knowledge-store-server/controller/UserController.js:174:22)
    at resolve (/Users/albertsam/Downloads/the-knowledge-store-server/schema/schema.js:61:31)
    at resolveFieldValueOrError (/Users/albertsam/Downloads/the-knowledge-store-server/node_modules/graphql/execution/execute.js:479:18)
    at resolveField (/Users/albertsam/Downloads/the-knowledge-store-server/node_modules/graphql/execution/execute.js:446:16)
    at executeFields (/Users/albertsam/Downloads/the-knowledge-store-server/node_modules/graphql/execution/execute.js:293:18)
    at executeOperation (/Users/albertsam/Downloads/the-knowledge-store-server/node_modules/graphql/execution/execute.js:237:122)
    at executeImpl (/Users/albertsam/Downloads/the-knowledge-store-server/node_modules/graphql/execution/execute.js:85:14)
    at execute (/Users/albertsam/Downloads/the-knowledge-store-server/node_modules/graphql/execution/execute.js:62:229)
    at /Users/albertsam/Downloads/the-knowledge-store-server/node_modules/express-graphql/dist/index.js:165:37
    at <anonymous>
    at process._tickDomainCallback (internal/process/next_tick.js:228:7)
2018-10-07 00:54:11 [Logs!] error: ##########################################################
2018-10-07 00:54:11 [Logs!] info: #####               STARTING SERVER                  #####
2018-10-07 00:54:11 [Logs!] info: ##########################################################

2018-10-07 00:54:11 [Logs!] info: App running on DEVELOPMENT mode and listening on port 4000 ...

2018-10-07 00:54:51 [Logs!] error: ##########################################################
2018-10-07 00:54:51 [Logs!] info: #####               STARTING SERVER                  #####
2018-10-07 00:54:51 [Logs!] info: ##########################################################

2018-10-07 00:54:51 [Logs!] info: App running on DEVELOPMENT mode and listening on port 4000 ...

2018-10-07 00:55:11 [Logs!] error: Error: {"password":"Password must include lowercase, uppercase, and special characters"}
    at Function._callee2$ (/Users/albertsam/Downloads/the-knowledge-store-server/controller/UserController.js:41:25)
    at tryCatch (/Users/albertsam/Downloads/the-knowledge-store-server/node_modules/regenerator-runtime/runtime.js:65:40)
    at Generator.invoke [as _invoke] (/Users/albertsam/Downloads/the-knowledge-store-server/node_modules/regenerator-runtime/runtime.js:303:22)
    at Generator.prototype.(anonymous function) [as next] (/Users/albertsam/Downloads/the-knowledge-store-server/node_modules/regenerator-runtime/runtime.js:117:21)
    at step (/Users/albertsam/Downloads/the-knowledge-store-server/controller/UserController.js:31:191)
    at /Users/albertsam/Downloads/the-knowledge-store-server/controller/UserController.js:31:437
    at new Promise (<anonymous>)
    at Function.<anonymous> (/Users/albertsam/Downloads/the-knowledge-store-server/controller/UserController.js:31:99)
    at Function.authenticateUser (/Users/albertsam/Downloads/the-knowledge-store-server/controller/UserController.js:174:22)
    at resolve (/Users/albertsam/Downloads/the-knowledge-store-server/schema/schema.js:61:31)
    at resolveFieldValueOrError (/Users/albertsam/Downloads/the-knowledge-store-server/node_modules/graphql/execution/execute.js:479:18)
    at resolveField (/Users/albertsam/Downloads/the-knowledge-store-server/node_modules/graphql/execution/execute.js:446:16)
    at executeFields (/Users/albertsam/Downloads/the-knowledge-store-server/node_modules/graphql/execution/execute.js:293:18)
    at executeOperation (/Users/albertsam/Downloads/the-knowledge-store-server/node_modules/graphql/execution/execute.js:237:122)
    at executeImpl (/Users/albertsam/Downloads/the-knowledge-store-server/node_modules/graphql/execution/execute.js:85:14)
    at execute (/Users/albertsam/Downloads/the-knowledge-store-server/node_modules/graphql/execution/execute.js:62:229)
    at /Users/albertsam/Downloads/the-knowledge-store-server/node_modules/express-graphql/dist/index.js:165:37
    at <anonymous>
    at process._tickDomainCallback (internal/process/next_tick.js:228:7)
2018-10-07 00:59:40 [Logs!] error: ##########################################################
2018-10-07 00:59:40 [Logs!] info: #####               STARTING SERVER                  #####
2018-10-07 00:59:40 [Logs!] info: ##########################################################

2018-10-07 00:59:40 [Logs!] info: App running on DEVELOPMENT mode and listening on port 4000 ...

2018-10-07 00:59:48 [Logs!] error: ##########################################################
2018-10-07 00:59:48 [Logs!] info: #####               STARTING SERVER                  #####
2018-10-07 00:59:48 [Logs!] info: ##########################################################

2018-10-07 00:59:48 [Logs!] info: App running on DEVELOPMENT mode and listening on port 4000 ...

{"message":"##########################################################","level":"error","label":"Logs!","timestamp":"2018-10-07 01:33:01"}
{"message":"#####               STARTING SERVER                  #####","level":"info","label":"Logs!","timestamp":"2018-10-07 01:33:01"}
{"message":"##########################################################\n","level":"info","label":"Logs!","timestamp":"2018-10-07 01:33:01"}
{"message":"App running on DEVELOPMENT mode and listening on port 4000 ...\n","level":"info","label":"Logs!","timestamp":"2018-10-07 01:33:01"}
{"message":"##########################################################","level":"error","label":"Logs!","timestamp":"2018-10-07 01:33:09"}
{"message":"#####               STARTING SERVER                  #####","level":"info","label":"Logs!","timestamp":"2018-10-07 01:33:09"}
{"message":"##########################################################\n","level":"info","label":"Logs!","timestamp":"2018-10-07 01:33:09"}
{"message":"App running on DEVELOPMENT mode and listening on port 4000 ...\n","level":"info","label":"Logs!","timestamp":"2018-10-07 01:33:09"}
{"message":"##########################################################","level":"error","label":"Logs!","timestamp":"2018-10-07 01:33:12"}
{"message":"#####               STARTING SERVER                  #####","level":"info","label":"Logs!","timestamp":"2018-10-07 01:33:12"}
{"message":"##########################################################\n","level":"info","label":"Logs!","timestamp":"2018-10-07 01:33:12"}
{"message":"App running on DEVELOPMENT mode and listening on port 4000 ...\n","level":"info","label":"Logs!","timestamp":"2018-10-07 01:33:12"}
{"message":"##########################################################","level":"error","label":"Logs!","timestamp":"2018-10-07 01:33:15"}
{"message":"#####               STARTING SERVER                  #####","level":"info","label":"Logs!","timestamp":"2018-10-07 01:33:15"}
{"message":"##########################################################\n","level":"info","label":"Logs!","timestamp":"2018-10-07 01:33:15"}
{"message":"App running on DEVELOPMENT mode and listening on port 4000 ...\n","level":"info","label":"Logs!","timestamp":"2018-10-07 01:33:15"}
{"message":"##########################################################","level":"error","label":"Logs!","timestamp":"2018-10-07 01:33:21"}
{"message":"#####               STARTING SERVER                  #####","level":"info","label":"Logs!","timestamp":"2018-10-07 01:33:21"}
{"message":"##########################################################\n","level":"info","label":"Logs!","timestamp":"2018-10-07 01:33:21"}
{"message":"App running on DEVELOPMENT mode and listening on port 4000 ...\n","level":"info","label":"Logs!","timestamp":"2018-10-07 01:33:21"}
2018-10-07 01:33:32 [Logs!] error: ##########################################################
2018-10-07 01:33:32 [Logs!] info: #####               STARTING SERVER                  #####
2018-10-07 01:33:32 [Logs!] info: ##########################################################

2018-10-07 01:33:32 [Logs!] info: App running on DEVELOPMENT mode and listening on port 4000 ...

2018-10-07 01:34:54 [Logs!] error: Error: {"password":"Password must include lowercase, uppercase, and special characters"}
    at Function._callee2$ (/Users/albertsam/Downloads/the-knowledge-store-server/controller/UserController.js:41:25)
    at tryCatch (/Users/albertsam/Downloads/the-knowledge-store-server/node_modules/regenerator-runtime/runtime.js:65:40)
    at Generator.invoke [as _invoke] (/Users/albertsam/Downloads/the-knowledge-store-server/node_modules/regenerator-runtime/runtime.js:303:22)
    at Generator.prototype.(anonymous function) [as next] (/Users/albertsam/Downloads/the-knowledge-store-server/node_modules/regenerator-runtime/runtime.js:117:21)
    at step (/Users/albertsam/Downloads/the-knowledge-store-server/controller/UserController.js:31:191)
    at /Users/albertsam/Downloads/the-knowledge-store-server/controller/UserController.js:31:437
    at new Promise (<anonymous>)
    at Function.<anonymous> (/Users/albertsam/Downloads/the-knowledge-store-server/controller/UserController.js:31:99)
    at Function.authenticateUser (/Users/albertsam/Downloads/the-knowledge-store-server/controller/UserController.js:174:22)
    at resolve (/Users/albertsam/Downloads/the-knowledge-store-server/schema/schema.js:61:31)
    at resolveFieldValueOrError (/Users/albertsam/Downloads/the-knowledge-store-server/node_modules/graphql/execution/execute.js:479:18)
    at resolveField (/Users/albertsam/Downloads/the-knowledge-store-server/node_modules/graphql/execution/execute.js:446:16)
    at executeFields (/Users/albertsam/Downloads/the-knowledge-store-server/node_modules/graphql/execution/execute.js:293:18)
    at executeOperation (/Users/albertsam/Downloads/the-knowledge-store-server/node_modules/graphql/execution/execute.js:237:122)
    at executeImpl (/Users/albertsam/Downloads/the-knowledge-store-server/node_modules/graphql/execution/execute.js:85:14)
    at execute (/Users/albertsam/Downloads/the-knowledge-store-server/node_modules/graphql/execution/execute.js:62:229)
    at /Users/albertsam/Downloads/the-knowledge-store-server/node_modules/express-graphql/dist/index.js:165:37
    at <anonymous>
    at process._tickDomainCallback (internal/process/next_tick.js:228:7)
2018-10-07 09:24:38 [Logs!] error: ##########################################################
2018-10-07 09:24:38 [Logs!] info: #####               STARTING SERVER                  #####
2018-10-07 09:24:38 [Logs!] info: ##########################################################

2018-10-07 09:24:38 [Logs!] info: App running on DEVELOPMENT mode and listening on port 4000 ...

{"message":"##########################################################","level":"error","label":"Logs!","timestamp":"2018-10-07 09:24:45"}
{"message":"#####               STARTING SERVER                  #####","level":"info","label":"Logs!","timestamp":"2018-10-07 09:24:45"}
{"message":"##########################################################\n","level":"info","label":"Logs!","timestamp":"2018-10-07 09:24:45"}
{"message":"App running on DEVELOPMENT mode and listening on port 4000 ...\n","level":"info","label":"Logs!","timestamp":"2018-10-07 09:24:45"}
{"message":"##########################################################","level":"error","label":"Logs!","timestamp":"2018-10-07 09:24:47"}
{"message":"#####               STARTING SERVER                  #####","level":"info","label":"Logs!","timestamp":"2018-10-07 09:24:47"}
{"message":"##########################################################\n","level":"info","label":"Logs!","timestamp":"2018-10-07 09:24:47"}
{"message":"App running on DEVELOPMENT mode and listening on port 4000 ...\n","level":"info","label":"Logs!","timestamp":"2018-10-07 09:24:47"}
2018-10-07 09:24:55 [Logs!] error: ##########################################################
2018-10-07 09:24:55 [Logs!] info: #####               STARTING SERVER                  #####
2018-10-07 09:24:55 [Logs!] info: ##########################################################

2018-10-07 09:24:55 [Logs!] info: App running on DEVELOPMENT mode and listening on port 4000 ...

2018-10-07 09:40:38 [Logs!] error: ##########################################################
2018-10-07 09:40:38 [Logs!] info: #####               STARTING SERVER                  #####
2018-10-07 09:40:38 [Logs!] info: ##########################################################

2018-10-07 09:40:38 [Logs!] info: App running on DEVELOPMENT mode and listening on port 4000 ...
2018-10-07 09:40:45 [Logs!] error: ##########################################################
2018-10-07 09:40:45 [Logs!] info: #####               STARTING SERVER                  #####
2018-10-07 09:40:45 [Logs!] info: ##########################################################

2018-10-07 09:40:45 [Logs!] info: App running on DEVELOPMENT mode and listening on port 4000 ...
2018-10-07 09:41:12 [Logs!] info: ##########################################################
2018-10-07 09:41:12 [Logs!] info: #####               STARTING SERVER                  #####
2018-10-07 09:41:12 [Logs!] info: ##########################################################

2018-10-07 09:41:12 [Logs!] info: App running on DEVELOPMENT mode and listening on port 4000 ...
2018-10-07 09:41:27 [Logs!] error: ##########################################################
2018-10-07 09:41:27 [Logs!] info: #####               STARTING SERVER                  #####
2018-10-07 09:41:27 [Logs!] info: ##########################################################

2018-10-07 09:41:27 [Logs!] info: App running on DEVELOPMENT mode and listening on port 4000 ...

2018-10-07 09:45:01 [Logs!] error: ##########################################################
2018-10-07 09:45:01 [Logs!] info: #####               STARTING SERVER                  #####
2018-10-07 09:45:01 [Logs!] info: ##########################################################

2018-10-07 09:45:01 [Logs!] info: App running on DEVELOPMENT mode and listening on port 4000 ...

2018-10-07 09:45:07 [Logs!] error: ##########################################################
2018-10-07 09:45:07 [Logs!] info: #####               STARTING SERVER                  #####
2018-10-07 09:45:07 [Logs!] info: ##########################################################

2018-10-07 09:45:07 [Logs!] info: App running on DEVELOPMENT mode and listening on port 4000 ...

2018-10-07 09:45:10 [Logs!] error: ##########################################################
2018-10-07 09:45:10 [Logs!] info: #####               STARTING SERVER                  #####
2018-10-07 09:45:10 [Logs!] info: ##########################################################

2018-10-07 09:45:10 [Logs!] info: App running on DEVELOPMENT mode and listening on port 4000 ...

2018-10-07 09:45:14 [Logs!] error: ##########################################################
2018-10-07 09:45:14 [Logs!] info: #####               STARTING SERVER                  #####
2018-10-07 09:45:14 [Logs!] info: ##########################################################

2018-10-07 09:45:14 [Logs!] info: App running on DEVELOPMENT mode and listening on port 4000 ...

2018-10-07 10:16:38 [Logs!] error: ##########################################################
2018-10-07 10:16:38 [Logs!] info: #####               STARTING SERVER                  #####
2018-10-07 10:16:38 [Logs!] info: ##########################################################

2018-10-07 10:16:38 [Logs!] info: App running on DEVELOPMENT mode and listening on port 4000 ...

2018-10-07 10:17:16 [Logs!] error: #########################################################
2018-10-07 10:17:16 [Logs!] info: #####               STARTING SERVER                  #####
2018-10-07 10:17:16 [Logs!] info: ##########################################################

2018-10-07 10:17:16 [Logs!] info: App running on DEVELOPMENT mode and listening on port 4000 ...

2018-10-07 10:17:20 [Logs!] error: #########################################################
2018-10-07 10:17:20 [Logs!] info:  ####               STARTING SERVER                  #####
2018-10-07 10:17:20 [Logs!] info: ##########################################################

2018-10-07 10:17:20 [Logs!] info: App running on DEVELOPMENT mode and listening on port 4000 ...

2018-10-07 10:17:26 [Logs!] error: #########################################################
2018-10-07 10:17:26 [Logs!] info:  ####               STARTING SERVER                  #####
2018-10-07 10:17:26 [Logs!] info:  #########################################################

2018-10-07 10:17:26 [Logs!] info: App running on DEVELOPMENT mode and listening on port 4000 ...

2018-10-07 10:17:37 [Logs!] error: #########################################################
2018-10-07 10:17:37 [Logs!] info:  ####               STARTING SERVER                  #####
2018-10-07 10:17:37 [Logs!] info:  #########################################################

2018-10-07 10:17:37 [Logs!] info: App running on DEVELOPMENT mode and listening on port 4000 ...

2018-10-07 10:17:56 [Logs!] info: App running on DEVELOPMENT mode and listening on port 4000 ...

2018-10-07 11:54:21 [Logs!] info: App running on DEVELOPMENT mode and listening on port 4000 ...

2018-10-07 11:54:23 [Logs!] info: App running on DEVELOPMENT mode and listening on port 4000 ...

2018-10-07 11:54:34 [Logs!] error: Error: {"password":"Password must include lowercase, uppercase, and special characters"}
    at Function._callee2$ (/Users/albertsam/Downloads/the-knowledge-store-server/controller/UserController.js:41:25)
    at tryCatch (/Users/albertsam/Downloads/the-knowledge-store-server/node_modules/regenerator-runtime/runtime.js:65:40)
    at Generator.invoke [as _invoke] (/Users/albertsam/Downloads/the-knowledge-store-server/node_modules/regenerator-runtime/runtime.js:303:22)
    at Generator.prototype.(anonymous function) [as next] (/Users/albertsam/Downloads/the-knowledge-store-server/node_modules/regenerator-runtime/runtime.js:117:21)
    at step (/Users/albertsam/Downloads/the-knowledge-store-server/controller/UserController.js:31:191)
    at /Users/albertsam/Downloads/the-knowledge-store-server/controller/UserController.js:31:437
    at new Promise (<anonymous>)
    at Function.<anonymous> (/Users/albertsam/Downloads/the-knowledge-store-server/controller/UserController.js:31:99)
    at Function.authenticateUser (/Users/albertsam/Downloads/the-knowledge-store-server/controller/UserController.js:174:22)
    at resolve (/Users/albertsam/Downloads/the-knowledge-store-server/schema/schema.js:61:31)
    at resolveFieldValueOrError (/Users/albertsam/Downloads/the-knowledge-store-server/node_modules/graphql/execution/execute.js:479:18)
    at resolveField (/Users/albertsam/Downloads/the-knowledge-store-server/node_modules/graphql/execution/execute.js:446:16)
    at executeFields (/Users/albertsam/Downloads/the-knowledge-store-server/node_modules/graphql/execution/execute.js:293:18)
    at executeOperation (/Users/albertsam/Downloads/the-knowledge-store-server/node_modules/graphql/execution/execute.js:237:122)
    at executeImpl (/Users/albertsam/Downloads/the-knowledge-store-server/node_modules/graphql/execution/execute.js:85:14)
    at execute (/Users/albertsam/Downloads/the-knowledge-store-server/node_modules/graphql/execution/execute.js:62:229)
    at /Users/albertsam/Downloads/the-knowledge-store-server/node_modules/express-graphql/dist/index.js:165:37
    at <anonymous>
    at process._tickDomainCallback (internal/process/next_tick.js:228:7)
2018-10-07 22:17:21 [Logs!] error: Error: {"password":"Password must include lowercase, uppercase, and special characters"}
    at Function._callee2$ (/Users/albertsam/Downloads/the-knowledge-store-server/controller/UserController.js:41:25)
    at tryCatch (/Users/albertsam/Downloads/the-knowledge-store-server/node_modules/regenerator-runtime/runtime.js:65:40)
    at Generator.invoke [as _invoke] (/Users/albertsam/Downloads/the-knowledge-store-server/node_modules/regenerator-runtime/runtime.js:303:22)
    at Generator.prototype.(anonymous function) [as next] (/Users/albertsam/Downloads/the-knowledge-store-server/node_modules/regenerator-runtime/runtime.js:117:21)
    at step (/Users/albertsam/Downloads/the-knowledge-store-server/controller/UserController.js:31:191)
    at /Users/albertsam/Downloads/the-knowledge-store-server/controller/UserController.js:31:437
    at new Promise (<anonymous>)
    at Function.<anonymous> (/Users/albertsam/Downloads/the-knowledge-store-server/controller/UserController.js:31:99)
    at Function.authenticateUser (/Users/albertsam/Downloads/the-knowledge-store-server/controller/UserController.js:174:22)
    at resolve (/Users/albertsam/Downloads/the-knowledge-store-server/schema/schema.js:61:31)
    at resolveFieldValueOrError (/Users/albertsam/Downloads/the-knowledge-store-server/node_modules/graphql/execution/execute.js:479:18)
    at resolveField (/Users/albertsam/Downloads/the-knowledge-store-server/node_modules/graphql/execution/execute.js:446:16)
    at executeFields (/Users/albertsam/Downloads/the-knowledge-store-server/node_modules/graphql/execution/execute.js:293:18)
    at executeOperation (/Users/albertsam/Downloads/the-knowledge-store-server/node_modules/graphql/execution/execute.js:237:122)
    at executeImpl (/Users/albertsam/Downloads/the-knowledge-store-server/node_modules/graphql/execution/execute.js:85:14)
    at execute (/Users/albertsam/Downloads/the-knowledge-store-server/node_modules/graphql/execution/execute.js:62:229)
    at /Users/albertsam/Downloads/the-knowledge-store-server/node_modules/express-graphql/dist/index.js:165:37
    at <anonymous>
    at process._tickDomainCallback (internal/process/next_tick.js:228:7)
{"level":"info","message":"GET /favicon.ico 404 6ms","meta":{"req":{"url":"/favicon.ico","headers":{"host":"localhost:4000","connection":"keep-alive","user-agent":"Mozilla/5.0 (Macintosh; Intel Mac OS X 10_13_5) AppleWebKit/537.36 (KHTML, like Gecko) Chrome/69.0.3497.100 Safari/537.36","accept":"image/webp,image/apng,image/*,*/*;q=0.8","referer":"http://localhost:4000/","accept-encoding":"gzip, deflate, br","accept-language":"en-US,en;q=0.9,la;q=0.8","cookie":"__utmz=111872281.1527505064.1.1.utmcsr=(direct)|utmccn=(direct)|utmcmd=(none); __utma=111872281.350783575.1527505064.1530025662.1530054236.78","dnt":"1"},"method":"GET","httpVersion":"1.1","originalUrl":"/favicon.ico","query":{}},"responseTime":6}}
2018-10-07 22:48:21 [Logs!] error: Error: {"password":"Password must include lowercase, uppercase, and special characters"}
    at Function._callee2$ (/Users/albertsam/Downloads/the-knowledge-store-server/controller/UserController.js:41:25)
    at tryCatch (/Users/albertsam/Downloads/the-knowledge-store-server/node_modules/regenerator-runtime/runtime.js:65:40)
    at Generator.invoke [as _invoke] (/Users/albertsam/Downloads/the-knowledge-store-server/node_modules/regenerator-runtime/runtime.js:303:22)
    at Generator.prototype.(anonymous function) [as next] (/Users/albertsam/Downloads/the-knowledge-store-server/node_modules/regenerator-runtime/runtime.js:117:21)
    at step (/Users/albertsam/Downloads/the-knowledge-store-server/controller/UserController.js:31:191)
    at /Users/albertsam/Downloads/the-knowledge-store-server/controller/UserController.js:31:437
    at new Promise (<anonymous>)
    at Function.<anonymous> (/Users/albertsam/Downloads/the-knowledge-store-server/controller/UserController.js:31:99)
    at Function.authenticateUser (/Users/albertsam/Downloads/the-knowledge-store-server/controller/UserController.js:174:22)
    at resolve (/Users/albertsam/Downloads/the-knowledge-store-server/schema/schema.js:61:31)
    at resolveFieldValueOrError (/Users/albertsam/Downloads/the-knowledge-store-server/node_modules/graphql/execution/execute.js:479:18)
    at resolveField (/Users/albertsam/Downloads/the-knowledge-store-server/node_modules/graphql/execution/execute.js:446:16)
    at executeFields (/Users/albertsam/Downloads/the-knowledge-store-server/node_modules/graphql/execution/execute.js:293:18)
    at executeOperation (/Users/albertsam/Downloads/the-knowledge-store-server/node_modules/graphql/execution/execute.js:237:122)
    at executeImpl (/Users/albertsam/Downloads/the-knowledge-store-server/node_modules/graphql/execution/execute.js:85:14)
    at execute (/Users/albertsam/Downloads/the-knowledge-store-server/node_modules/graphql/execution/execute.js:62:229)
    at /Users/albertsam/Downloads/the-knowledge-store-server/node_modules/express-graphql/dist/index.js:165:37
    at <anonymous>
    at process._tickDomainCallback (internal/process/next_tick.js:228:7)
2018-10-07 23:23:07 [Logs!] info: App running on DEVELOPMENT mode and listening on port 4000 ...

2018-10-07 23:23:22 [Logs!] info: App running on DEVELOPMENT mode and listening on port 4000 ...

